<?xml version="1.0" encoding="UTF-8" ?>
<testsuite tests="3" failures="0" name="nz.ac.auckland.musician.test.MusicianPersistanceTest" time="2.233" errors="3" skipped="0">
  <properties>
    <property name="java.runtime.name" value="Java(TM) SE Runtime Environment"/>
    <property name="sun.boot.library.path" value="C:\Program Files\Java\jdk1.8.0_101\jre\bin"/>
    <property name="java.vm.version" value="25.101-b13"/>
    <property name="java.vm.vendor" value="Oracle Corporation"/>
    <property name="maven.multiModuleProjectDirectory" value="C:\Users\ankit\Desktop\325 assignment 1b\project\project1"/>
    <property name="java.vendor.url" value="http://java.oracle.com/"/>
    <property name="path.separator" value=";"/>
    <property name="guice.disable.misplaced.annotation.check" value="true"/>
    <property name="java.vm.name" value="Java HotSpot(TM) 64-Bit Server VM"/>
    <property name="file.encoding.pkg" value="sun.io"/>
    <property name="user.script" value=""/>
    <property name="user.country" value="NZ"/>
    <property name="sun.java.launcher" value="SUN_STANDARD"/>
    <property name="sun.os.patch.level" value=""/>
    <property name="java.vm.specification.name" value="Java Virtual Machine Specification"/>
    <property name="user.dir" value="C:\Users\ankit\Desktop\325 assignment 1b\project\project1"/>
    <property name="java.runtime.version" value="1.8.0_101-b13"/>
    <property name="java.awt.graphicsenv" value="sun.awt.Win32GraphicsEnvironment"/>
    <property name="java.endorsed.dirs" value="C:\Program Files\Java\jdk1.8.0_101\jre\lib\endorsed"/>
    <property name="os.arch" value="amd64"/>
    <property name="java.io.tmpdir" value="C:\Users\ankit\AppData\Local\Temp\"/>
    <property name="line.separator" value="
"/>
    <property name="java.vm.specification.vendor" value="Oracle Corporation"/>
    <property name="user.variant" value=""/>
    <property name="os.name" value="Windows 10"/>
    <property name="classworlds.conf" value="C:\Users\ankit\Desktop\Uni Notes\SOFTENG 325\Assignment 1 repository\FindBandmatesREST\325 assignment 1b\project\.metadata\.plugins\org.eclipse.m2e.launching\launches\m2conf8476624650588852993.tmp"/>
    <property name="sun.jnu.encoding" value="Cp1252"/>
    <property name="java.library.path" value="C:\Program Files\Java\jdk1.8.0_101\bin;C:\WINDOWS\Sun\Java\bin;C:\WINDOWS\system32;C:\WINDOWS;C:/Program Files/Java/jre1.8.0_101/bin/server;C:/Program Files/Java/jre1.8.0_101/bin;C:/Program Files/Java/jre1.8.0_101/lib/amd64;C:\ProgramData\Oracle\Java\javapath;C:\Program Files\Broadcom\Broadcom 802.11;;C:\Program Files (x86)\Intel\iCLS Client\;C:\Program Files\Intel\iCLS Client\;C:\WINDOWS\system32;C:\WINDOWS;C:\WINDOWS\System32\Wbem;C:\WINDOWS\System32\WindowsPowerShell\v1.0\;C:\Program Files\Intel\Intel(R) Management Engine Components\DAL;C:\Program Files (x86)\Intel\Intel(R) Management Engine Components\DAL;C:\Program Files\Intel\Intel(R) Management Engine Components\IPT;C:\Program Files (x86)\Intel\Intel(R) Management Engine Components\IPT;C:\Program Files\Hewlett-Packard\SimplePass\;C:\WINDOWS\system32\config\systemprofile\.dnx\bin;C:\Program Files\Microsoft DNX\Dnvm\;C:\Program Files\Microsoft SQL Server\130\Tools\Binn\;C:\Program Files (x86)\Windows Kits\8.1\Windows Performance Toolkit\;C:\Program Files (x86)\GtkSharp\2.12\bin;C:\Program Files (x86)\Skype\Phone\;C:\Program Files\nodejs\;;C:\Program Files (x86)\Microsoft VS Code\bin;C:\Users\ankit\AppData\Local\Microsoft\WindowsApps;C:\Users\ankit\AppData\Roaming\npm;C:\Users\ankit\eclipse\java-neon\eclipse;;."/>
    <property name="java.specification.name" value="Java Platform API Specification"/>
    <property name="java.class.version" value="52.0"/>
    <property name="sun.management.compiler" value="HotSpot 64-Bit Tiered Compilers"/>
    <property name="os.version" value="10.0"/>
    <property name="user.home" value="C:\Users\ankit"/>
    <property name="user.timezone" value="Pacific/Auckland"/>
    <property name="java.awt.printerjob" value="sun.awt.windows.WPrinterJob"/>
    <property name="java.specification.version" value="1.8"/>
    <property name="file.encoding" value="Cp1252"/>
    <property name="user.name" value="ankit"/>
    <property name="java.class.path" value="/C:/Users/ankit/eclipse/java-neon/eclipse/../../../.p2/pool/plugins/org.eclipse.m2e.maven.runtime_1.7.0.20160603-1931/jars/plexus-classworlds-2.5.2.jar"/>
    <property name="java.vm.specification.version" value="1.8"/>
    <property name="sun.arch.data.model" value="64"/>
    <property name="java.home" value="C:\Program Files\Java\jdk1.8.0_101\jre"/>
    <property name="sun.java.command" value="org.codehaus.plexus.classworlds.launcher.Launcher -B install"/>
    <property name="java.specification.vendor" value="Oracle Corporation"/>
    <property name="user.language" value="en"/>
    <property name="awt.toolkit" value="sun.awt.windows.WToolkit"/>
    <property name="java.vm.info" value="mixed mode"/>
    <property name="java.version" value="1.8.0_101"/>
    <property name="java.ext.dirs" value="C:\Program Files\Java\jdk1.8.0_101\jre\lib\ext;C:\WINDOWS\Sun\Java\lib\ext"/>
    <property name="sun.boot.class.path" value="C:\Program Files\Java\jdk1.8.0_101\jre\lib\resources.jar;C:\Program Files\Java\jdk1.8.0_101\jre\lib\rt.jar;C:\Program Files\Java\jdk1.8.0_101\jre\lib\sunrsasign.jar;C:\Program Files\Java\jdk1.8.0_101\jre\lib\jsse.jar;C:\Program Files\Java\jdk1.8.0_101\jre\lib\jce.jar;C:\Program Files\Java\jdk1.8.0_101\jre\lib\charsets.jar;C:\Program Files\Java\jdk1.8.0_101\jre\lib\jfr.jar;C:\Program Files\Java\jdk1.8.0_101\jre\classes"/>
    <property name="java.vendor" value="Oracle Corporation"/>
    <property name="maven.home" value="C:\Users\ankit\Desktop\325 assignment 1b\project\project1\EMBEDDED"/>
    <property name="file.separator" value="\"/>
    <property name="java.vendor.url.bug" value="http://bugreport.sun.com/bugreport/"/>
    <property name="sun.cpu.endian" value="little"/>
    <property name="sun.io.unicode.encoding" value="UnicodeLittle"/>
    <property name="sun.desktop" value="windows"/>
    <property name="sun.cpu.isalist" value="amd64"/>
  </properties>
  <testcase classname="nz.ac.auckland.musician.test.MusicianPersistanceTest" name="testBasicUsage" time="0.728">
    <error message="Unable to build entity manager factory" type="javax.persistence.PersistenceException">javax.persistence.PersistenceException: Unable to build entity manager factory
	at org.hibernate.jpa.HibernatePersistenceProvider.createEntityManagerFactory(HibernatePersistenceProvider.java:66)
	at javax.persistence.Persistence.createEntityManagerFactory(Persistence.java:55)
	at javax.persistence.Persistence.createEntityManagerFactory(Persistence.java:39)
	at nz.ac.auckland.musician.test.MusicianPersistanceTest.setUp(MusicianPersistanceTest.java:46)
	at sun.reflect.NativeMethodAccessorImpl.invoke0(Native Method)
	at sun.reflect.NativeMethodAccessorImpl.invoke(NativeMethodAccessorImpl.java:62)
	at sun.reflect.DelegatingMethodAccessorImpl.invoke(DelegatingMethodAccessorImpl.java:43)
	at java.lang.reflect.Method.invoke(Method.java:498)
	at org.junit.runners.model.FrameworkMethod$1.runReflectiveCall(FrameworkMethod.java:50)
	at org.junit.internal.runners.model.ReflectiveCallable.run(ReflectiveCallable.java:12)
	at org.junit.runners.model.FrameworkMethod.invokeExplosively(FrameworkMethod.java:47)
	at org.junit.internal.runners.statements.RunBefores.evaluate(RunBefores.java:24)
	at org.junit.internal.runners.statements.RunAfters.evaluate(RunAfters.java:27)
	at org.junit.runners.ParentRunner.runLeaf(ParentRunner.java:325)
	at org.junit.runners.BlockJUnit4ClassRunner.runChild(BlockJUnit4ClassRunner.java:78)
	at org.junit.runners.BlockJUnit4ClassRunner.runChild(BlockJUnit4ClassRunner.java:57)
	at org.junit.runners.ParentRunner$3.run(ParentRunner.java:290)
	at org.junit.runners.ParentRunner$1.schedule(ParentRunner.java:71)
	at org.junit.runners.ParentRunner.runChildren(ParentRunner.java:288)
	at org.junit.runners.ParentRunner.access$000(ParentRunner.java:58)
	at org.junit.runners.ParentRunner$2.evaluate(ParentRunner.java:268)
	at org.junit.internal.runners.statements.RunAfters.evaluate(RunAfters.java:27)
	at org.junit.runners.ParentRunner.run(ParentRunner.java:363)
	at org.apache.maven.surefire.junit4.JUnit4Provider.execute(JUnit4Provider.java:252)
	at org.apache.maven.surefire.junit4.JUnit4Provider.executeTestSet(JUnit4Provider.java:141)
	at org.apache.maven.surefire.junit4.JUnit4Provider.invoke(JUnit4Provider.java:112)
	at sun.reflect.NativeMethodAccessorImpl.invoke0(Native Method)
	at sun.reflect.NativeMethodAccessorImpl.invoke(NativeMethodAccessorImpl.java:62)
	at sun.reflect.DelegatingMethodAccessorImpl.invoke(DelegatingMethodAccessorImpl.java:43)
	at java.lang.reflect.Method.invoke(Method.java:498)
	at org.apache.maven.surefire.util.ReflectionUtils.invokeMethodWithArray(ReflectionUtils.java:189)
	at org.apache.maven.surefire.booter.ProviderFactory$ProviderProxy.invoke(ProviderFactory.java:165)
	at org.apache.maven.surefire.booter.ProviderFactory.invokeProvider(ProviderFactory.java:85)
	at org.apache.maven.surefire.booter.ForkedBooter.runSuitesInProcess(ForkedBooter.java:115)
	at org.apache.maven.surefire.booter.ForkedBooter.main(ForkedBooter.java:75)
Caused by: org.hibernate.service.spi.ServiceException: Unable to create requested service [org.hibernate.engine.jdbc.env.spi.JdbcEnvironment]
	at org.hibernate.service.internal.AbstractServiceRegistryImpl.createService(AbstractServiceRegistryImpl.java:244)
	at org.hibernate.service.internal.AbstractServiceRegistryImpl.initializeService(AbstractServiceRegistryImpl.java:208)
	at org.hibernate.service.internal.AbstractServiceRegistryImpl.getService(AbstractServiceRegistryImpl.java:189)
	at org.hibernate.engine.jdbc.internal.JdbcServicesImpl.configure(JdbcServicesImpl.java:51)
	at org.hibernate.boot.registry.internal.StandardServiceRegistryImpl.configureService(StandardServiceRegistryImpl.java:94)
	at org.hibernate.service.internal.AbstractServiceRegistryImpl.initializeService(AbstractServiceRegistryImpl.java:217)
	at org.hibernate.service.internal.AbstractServiceRegistryImpl.getService(AbstractServiceRegistryImpl.java:189)
	at org.hibernate.boot.model.process.spi.MetadataBuildingProcess.handleTypes(MetadataBuildingProcess.java:352)
	at org.hibernate.boot.model.process.spi.MetadataBuildingProcess.complete(MetadataBuildingProcess.java:111)
	at org.hibernate.jpa.boot.internal.EntityManagerFactoryBuilderImpl.metadata(EntityManagerFactoryBuilderImpl.java:848)
	at org.hibernate.jpa.boot.internal.EntityManagerFactoryBuilderImpl.build(EntityManagerFactoryBuilderImpl.java:876)
	at org.hibernate.jpa.HibernatePersistenceProvider.createEntityManagerFactory(HibernatePersistenceProvider.java:58)
	... 34 more
Caused by: org.hibernate.exception.JDBCConnectionException: Error calling Driver#connect
	at org.hibernate.engine.jdbc.connections.internal.BasicConnectionCreator$1$1.convert(BasicConnectionCreator.java:105)
	at org.hibernate.engine.jdbc.connections.internal.BasicConnectionCreator.convertSqlException(BasicConnectionCreator.java:123)
	at org.hibernate.engine.jdbc.connections.internal.DriverConnectionCreator.makeConnection(DriverConnectionCreator.java:41)
	at org.hibernate.engine.jdbc.connections.internal.BasicConnectionCreator.createConnection(BasicConnectionCreator.java:58)
	at org.hibernate.engine.jdbc.connections.internal.PooledConnections.addConnections(PooledConnections.java:106)
	at org.hibernate.engine.jdbc.connections.internal.PooledConnections.&lt;init&gt;(PooledConnections.java:40)
	at org.hibernate.engine.jdbc.connections.internal.PooledConnections.&lt;init&gt;(PooledConnections.java:19)
	at org.hibernate.engine.jdbc.connections.internal.PooledConnections$Builder.build(PooledConnections.java:138)
	at org.hibernate.engine.jdbc.connections.internal.DriverManagerConnectionProviderImpl.buildPool(DriverManagerConnectionProviderImpl.java:110)
	at org.hibernate.engine.jdbc.connections.internal.DriverManagerConnectionProviderImpl.configure(DriverManagerConnectionProviderImpl.java:74)
	at org.hibernate.boot.registry.internal.StandardServiceRegistryImpl.configureService(StandardServiceRegistryImpl.java:94)
	at org.hibernate.service.internal.AbstractServiceRegistryImpl.initializeService(AbstractServiceRegistryImpl.java:217)
	at org.hibernate.service.internal.AbstractServiceRegistryImpl.getService(AbstractServiceRegistryImpl.java:189)
	at org.hibernate.engine.jdbc.env.internal.JdbcEnvironmentInitiator.buildJdbcConnectionAccess(JdbcEnvironmentInitiator.java:145)
	at org.hibernate.engine.jdbc.env.internal.JdbcEnvironmentInitiator.initiateService(JdbcEnvironmentInitiator.java:66)
	at org.hibernate.engine.jdbc.env.internal.JdbcEnvironmentInitiator.initiateService(JdbcEnvironmentInitiator.java:35)
	at org.hibernate.boot.registry.internal.StandardServiceRegistryImpl.initiateService(StandardServiceRegistryImpl.java:88)
	at org.hibernate.service.internal.AbstractServiceRegistryImpl.createService(AbstractServiceRegistryImpl.java:234)
	... 45 more
Caused by: org.h2.jdbc.JdbcSQLException: Database may be already in use: &quot;C:/Users/ankit/test.h2.db&quot;. Possible solutions: close all other connection(s); use the server mode [90020-187]
	at org.h2.message.DbException.getJdbcSQLException(DbException.java:345)
	at org.h2.message.DbException.get(DbException.java:168)
	at org.h2.store.PageStore.openExisting(PageStore.java:337)
	at org.h2.store.PageStore.open(PageStore.java:288)
	at org.h2.engine.Database.getPageStore(Database.java:2403)
	at org.h2.engine.Database.open(Database.java:669)
	at org.h2.engine.Database.openDatabase(Database.java:266)
	at org.h2.engine.Database.&lt;init&gt;(Database.java:260)
	at org.h2.engine.Engine.openSession(Engine.java:60)
	at org.h2.engine.Engine.openSession(Engine.java:167)
	at org.h2.engine.Engine.createSessionAndValidate(Engine.java:145)
	at org.h2.engine.Engine.createSession(Engine.java:128)
	at org.h2.engine.Engine.createSession(Engine.java:26)
	at org.h2.engine.SessionRemote.connectEmbeddedOrServer(SessionRemote.java:347)
	at org.h2.jdbc.JdbcConnection.&lt;init&gt;(JdbcConnection.java:108)
	at org.h2.jdbc.JdbcConnection.&lt;init&gt;(JdbcConnection.java:92)
	at org.h2.Driver.connect(Driver.java:72)
	at org.hibernate.engine.jdbc.connections.internal.DriverConnectionCreator.makeConnection(DriverConnectionCreator.java:38)
	... 60 more
Caused by: org.h2.message.DbException: IO Exception: &quot;java.io.IOException: The process cannot access the file because another process has locked a portion of the file&quot;; &quot;C:/Users/ankit/test.h2.db&quot; [90031-187]
	at org.h2.message.DbException.get(DbException.java:168)
	at org.h2.message.DbException.convertIOException(DbException.java:330)
	at org.h2.store.FileStore.readFully(FileStore.java:275)
	at org.h2.store.FileStore.readFullyDirect(FileStore.java:255)
	at org.h2.store.FileStore.init(FileStore.java:193)
	at org.h2.engine.Database.openFile(Database.java:530)
	at org.h2.store.PageStore.openExisting(PageStore.java:328)
	... 75 more
Caused by: org.h2.jdbc.JdbcSQLException: IO Exception: &quot;java.io.IOException: The process cannot access the file because another process has locked a portion of the file&quot;; &quot;C:/Users/ankit/test.h2.db&quot; [90031-187]
	at org.h2.message.DbException.getJdbcSQLException(DbException.java:345)
	... 82 more
Caused by: java.io.IOException: The process cannot access the file because another process has locked a portion of the file
	at java.io.RandomAccessFile.readBytes(Native Method)
	at java.io.RandomAccessFile.read(RandomAccessFile.java:377)
	at org.h2.store.fs.FileDisk.read(FilePathDisk.java:467)
	at org.h2.store.fs.FileUtils.readFully(FileUtils.java:356)
	at org.h2.store.FileStore.readFully(FileStore.java:273)
	... 79 more
</error>
    <system-out>2016-09-19 12:29:14,565 [main] INFO  org.hibernate.jpa.internal.util.LogHelper  - HHH000204: Processing PersistenceUnitInfo [
	name: nz.ac.auckland.musicianPU
	...]
2016-09-19 12:29:14,657 [main] INFO  org.hibernate.Version  - HHH000412: Hibernate Core {5.1.0.Final}
2016-09-19 12:29:14,659 [main] INFO  org.hibernate.cfg.Environment  - HHH000206: hibernate.properties not found
2016-09-19 12:29:14,661 [main] INFO  org.hibernate.cfg.Environment  - HHH000021: Bytecode provider name : javassist
2016-09-19 12:29:14,726 [main] INFO  org.hibernate.annotations.common.Version  - HCANN000001: Hibernate Commons Annotations {5.0.1.Final}
2016-09-19 12:29:14,916 [main] WARN  org.hibernate.orm.connections  - HHH10001002: Using Hibernate built-in connection pool (not for production use!)
2016-09-19 12:29:14,920 [main] INFO  org.hibernate.orm.connections  - HHH10001005: using driver [org.h2.Driver] at URL [jdbc:h2:~/test;mv_store=false]
2016-09-19 12:29:14,921 [main] INFO  org.hibernate.orm.connections  - HHH10001001: Connection properties: {user=sa, password=****}
2016-09-19 12:29:14,921 [main] INFO  org.hibernate.orm.connections  - HHH10001003: Autocommit mode: false
2016-09-19 12:29:14,924 [main] INFO  org.hibernate.engine.jdbc.connections.internal.DriverManagerConnectionProviderImpl  - HHH000115: Hibernate connection pool size: 20 (min=1)
</system-out>
  </testcase>
  <testcase classname="nz.ac.auckland.musician.test.MusicianPersistanceTest" name="testBasicUsage" time="0.729">
    <error type="java.lang.NullPointerException">java.lang.NullPointerException
	at nz.ac.auckland.musician.test.MusicianPersistanceTest.tearDown(MusicianPersistanceTest.java:56)
	at sun.reflect.NativeMethodAccessorImpl.invoke0(Native Method)
	at sun.reflect.NativeMethodAccessorImpl.invoke(NativeMethodAccessorImpl.java:62)
	at sun.reflect.DelegatingMethodAccessorImpl.invoke(DelegatingMethodAccessorImpl.java:43)
	at java.lang.reflect.Method.invoke(Method.java:498)
	at org.junit.runners.model.FrameworkMethod$1.runReflectiveCall(FrameworkMethod.java:50)
	at org.junit.internal.runners.model.ReflectiveCallable.run(ReflectiveCallable.java:12)
	at org.junit.runners.model.FrameworkMethod.invokeExplosively(FrameworkMethod.java:47)
	at org.junit.internal.runners.statements.RunAfters.evaluate(RunAfters.java:33)
	at org.junit.runners.ParentRunner.runLeaf(ParentRunner.java:325)
	at org.junit.runners.BlockJUnit4ClassRunner.runChild(BlockJUnit4ClassRunner.java:78)
	at org.junit.runners.BlockJUnit4ClassRunner.runChild(BlockJUnit4ClassRunner.java:57)
	at org.junit.runners.ParentRunner$3.run(ParentRunner.java:290)
	at org.junit.runners.ParentRunner$1.schedule(ParentRunner.java:71)
	at org.junit.runners.ParentRunner.runChildren(ParentRunner.java:288)
	at org.junit.runners.ParentRunner.access$000(ParentRunner.java:58)
	at org.junit.runners.ParentRunner$2.evaluate(ParentRunner.java:268)
	at org.junit.internal.runners.statements.RunAfters.evaluate(RunAfters.java:27)
	at org.junit.runners.ParentRunner.run(ParentRunner.java:363)
	at org.apache.maven.surefire.junit4.JUnit4Provider.execute(JUnit4Provider.java:252)
	at org.apache.maven.surefire.junit4.JUnit4Provider.executeTestSet(JUnit4Provider.java:141)
	at org.apache.maven.surefire.junit4.JUnit4Provider.invoke(JUnit4Provider.java:112)
	at sun.reflect.NativeMethodAccessorImpl.invoke0(Native Method)
	at sun.reflect.NativeMethodAccessorImpl.invoke(NativeMethodAccessorImpl.java:62)
	at sun.reflect.DelegatingMethodAccessorImpl.invoke(DelegatingMethodAccessorImpl.java:43)
	at java.lang.reflect.Method.invoke(Method.java:498)
	at org.apache.maven.surefire.util.ReflectionUtils.invokeMethodWithArray(ReflectionUtils.java:189)
	at org.apache.maven.surefire.booter.ProviderFactory$ProviderProxy.invoke(ProviderFactory.java:165)
	at org.apache.maven.surefire.booter.ProviderFactory.invokeProvider(ProviderFactory.java:85)
	at org.apache.maven.surefire.booter.ForkedBooter.runSuitesInProcess(ForkedBooter.java:115)
	at org.apache.maven.surefire.booter.ForkedBooter.main(ForkedBooter.java:75)
</error>
  </testcase>
  <testcase classname="nz.ac.auckland.musician.test.MusicianPersistanceTest" name="nz.ac.auckland.musician.test.MusicianPersistanceTest" time="0.776">
    <error message="Database may be already in use: &quot;C:/Users/ankit/test.h2.db&quot;. Possible solutions: close all other connection(s); use the server mode [90020-187]" type="org.h2.jdbc.JdbcSQLException">org.h2.jdbc.JdbcSQLException: Database may be already in use: &quot;C:/Users/ankit/test.h2.db&quot;. Possible solutions: close all other connection(s); use the server mode [90020-187]
	at org.h2.message.DbException.getJdbcSQLException(DbException.java:345)
	at org.h2.message.DbException.get(DbException.java:168)
	at org.h2.store.PageStore.openExisting(PageStore.java:337)
	at org.h2.store.PageStore.open(PageStore.java:288)
	at org.h2.engine.Database.getPageStore(Database.java:2403)
	at org.h2.engine.Database.open(Database.java:669)
	at org.h2.engine.Database.openDatabase(Database.java:266)
	at org.h2.engine.Database.&lt;init&gt;(Database.java:260)
	at org.h2.engine.Engine.openSession(Engine.java:60)
	at org.h2.engine.Engine.openSession(Engine.java:167)
	at org.h2.engine.Engine.createSessionAndValidate(Engine.java:145)
	at org.h2.engine.Engine.createSession(Engine.java:128)
	at org.h2.engine.Engine.createSession(Engine.java:26)
	at org.h2.engine.SessionRemote.connectEmbeddedOrServer(SessionRemote.java:347)
	at org.h2.jdbc.JdbcConnection.&lt;init&gt;(JdbcConnection.java:108)
	at org.h2.jdbc.JdbcConnection.&lt;init&gt;(JdbcConnection.java:92)
	at org.h2.Driver.connect(Driver.java:72)
	at java.sql.DriverManager.getConnection(DriverManager.java:664)
	at java.sql.DriverManager.getConnection(DriverManager.java:247)
	at nz.ac.auckland.utilities.DatabaseUtility.openDatabase(DatabaseUtility.java:51)
	at nz.ac.auckland.musician.test.MusicianPersistanceTest.dumpDatabase(MusicianPersistanceTest.java:67)
	at sun.reflect.NativeMethodAccessorImpl.invoke0(Native Method)
	at sun.reflect.NativeMethodAccessorImpl.invoke(NativeMethodAccessorImpl.java:62)
	at sun.reflect.DelegatingMethodAccessorImpl.invoke(DelegatingMethodAccessorImpl.java:43)
	at java.lang.reflect.Method.invoke(Method.java:498)
	at org.junit.runners.model.FrameworkMethod$1.runReflectiveCall(FrameworkMethod.java:50)
	at org.junit.internal.runners.model.ReflectiveCallable.run(ReflectiveCallable.java:12)
	at org.junit.runners.model.FrameworkMethod.invokeExplosively(FrameworkMethod.java:47)
	at org.junit.internal.runners.statements.RunAfters.evaluate(RunAfters.java:33)
	at org.junit.runners.ParentRunner.run(ParentRunner.java:363)
	at org.apache.maven.surefire.junit4.JUnit4Provider.execute(JUnit4Provider.java:252)
	at org.apache.maven.surefire.junit4.JUnit4Provider.executeTestSet(JUnit4Provider.java:141)
	at org.apache.maven.surefire.junit4.JUnit4Provider.invoke(JUnit4Provider.java:112)
	at sun.reflect.NativeMethodAccessorImpl.invoke0(Native Method)
	at sun.reflect.NativeMethodAccessorImpl.invoke(NativeMethodAccessorImpl.java:62)
	at sun.reflect.DelegatingMethodAccessorImpl.invoke(DelegatingMethodAccessorImpl.java:43)
	at java.lang.reflect.Method.invoke(Method.java:498)
	at org.apache.maven.surefire.util.ReflectionUtils.invokeMethodWithArray(ReflectionUtils.java:189)
	at org.apache.maven.surefire.booter.ProviderFactory$ProviderProxy.invoke(ProviderFactory.java:165)
	at org.apache.maven.surefire.booter.ProviderFactory.invokeProvider(ProviderFactory.java:85)
	at org.apache.maven.surefire.booter.ForkedBooter.runSuitesInProcess(ForkedBooter.java:115)
	at org.apache.maven.surefire.booter.ForkedBooter.main(ForkedBooter.java:75)
Caused by: org.h2.message.DbException: IO Exception: &quot;java.io.IOException: The process cannot access the file because another process has locked a portion of the file&quot;; &quot;C:/Users/ankit/test.h2.db&quot; [90031-187]
	at org.h2.message.DbException.get(DbException.java:168)
	at org.h2.message.DbException.convertIOException(DbException.java:330)
	at org.h2.store.FileStore.readFully(FileStore.java:275)
	at org.h2.store.FileStore.readFullyDirect(FileStore.java:255)
	at org.h2.store.FileStore.init(FileStore.java:193)
	at org.h2.engine.Database.openFile(Database.java:530)
	at org.h2.store.PageStore.openExisting(PageStore.java:328)
	... 39 more
Caused by: org.h2.jdbc.JdbcSQLException: IO Exception: &quot;java.io.IOException: The process cannot access the file because another process has locked a portion of the file&quot;; &quot;C:/Users/ankit/test.h2.db&quot; [90031-187]
	at org.h2.message.DbException.getJdbcSQLException(DbException.java:345)
	... 46 more
Caused by: java.io.IOException: The process cannot access the file because another process has locked a portion of the file
	at java.io.RandomAccessFile.readBytes(Native Method)
	at java.io.RandomAccessFile.read(RandomAccessFile.java:377)
	at org.h2.store.fs.FileDisk.read(FilePathDisk.java:467)
	at org.h2.store.fs.FileUtils.readFully(FileUtils.java:356)
	at org.h2.store.FileStore.readFully(FileStore.java:273)
	... 43 more
</error>
  </testcase>
</testsuite>