<?xml version="1.0" encoding="UTF-8" ?>
<testsuite tests="3" failures="1" name="nz.ac.auckland.parolee.test.ParoleeResourceTest" time="0.81" errors="0" skipped="0">
  <properties>
    <property name="java.runtime.name" value="Java(TM) SE Runtime Environment"/>
    <property name="sun.boot.library.path" value="C:\Program Files\Java\jdk1.8.0_101\jre\bin"/>
    <property name="java.vm.version" value="25.101-b13"/>
    <property name="java.vm.vendor" value="Oracle Corporation"/>
    <property name="maven.multiModuleProjectDirectory" value="C:\Users\ankit\Desktop\325 assignment 1b\project\project1"/>
    <property name="java.vendor.url" value="http://java.oracle.com/"/>
    <property name="path.separator" value=";"/>
    <property name="guice.disable.misplaced.annotation.check" value="true"/>
    <property name="java.vm.name" value="Java HotSpot(TM) 64-Bit Server VM"/>
    <property name="file.encoding.pkg" value="sun.io"/>
    <property name="user.script" value=""/>
    <property name="user.country" value="NZ"/>
    <property name="sun.java.launcher" value="SUN_STANDARD"/>
    <property name="sun.os.patch.level" value=""/>
    <property name="java.vm.specification.name" value="Java Virtual Machine Specification"/>
    <property name="user.dir" value="C:\Users\ankit\Desktop\325 assignment 1b\project\project1"/>
    <property name="java.runtime.version" value="1.8.0_101-b13"/>
    <property name="java.awt.graphicsenv" value="sun.awt.Win32GraphicsEnvironment"/>
    <property name="java.endorsed.dirs" value="C:\Program Files\Java\jdk1.8.0_101\jre\lib\endorsed"/>
    <property name="os.arch" value="amd64"/>
    <property name="java.io.tmpdir" value="C:\Users\ankit\AppData\Local\Temp\"/>
    <property name="line.separator" value="
"/>
    <property name="java.vm.specification.vendor" value="Oracle Corporation"/>
    <property name="user.variant" value=""/>
    <property name="os.name" value="Windows 10"/>
    <property name="classworlds.conf" value="C:\Users\ankit\Desktop\325 assignment 1b\project\.metadata\.plugins\org.eclipse.m2e.launching\launches\m2conf7463540090610284306.tmp"/>
    <property name="sun.jnu.encoding" value="Cp1252"/>
    <property name="java.library.path" value="C:\Program Files\Java\jdk1.8.0_101\bin;C:\WINDOWS\Sun\Java\bin;C:\WINDOWS\system32;C:\WINDOWS;C:/Program Files/Java/jre1.8.0_101/bin/server;C:/Program Files/Java/jre1.8.0_101/bin;C:/Program Files/Java/jre1.8.0_101/lib/amd64;C:\ProgramData\Oracle\Java\javapath;C:\Program Files\Broadcom\Broadcom 802.11;;C:\Program Files (x86)\Intel\iCLS Client\;C:\Program Files\Intel\iCLS Client\;C:\WINDOWS\system32;C:\WINDOWS;C:\WINDOWS\System32\Wbem;C:\WINDOWS\System32\WindowsPowerShell\v1.0\;C:\Program Files\Intel\Intel(R) Management Engine Components\DAL;C:\Program Files (x86)\Intel\Intel(R) Management Engine Components\DAL;C:\Program Files\Intel\Intel(R) Management Engine Components\IPT;C:\Program Files (x86)\Intel\Intel(R) Management Engine Components\IPT;C:\Program Files\Hewlett-Packard\SimplePass\;C:\WINDOWS\system32\config\systemprofile\.dnx\bin;C:\Program Files\Microsoft DNX\Dnvm\;C:\Program Files\Microsoft SQL Server\130\Tools\Binn\;C:\Program Files (x86)\Windows Kits\8.1\Windows Performance Toolkit\;C:\Program Files (x86)\GtkSharp\2.12\bin;C:\Program Files (x86)\Skype\Phone\;C:\Program Files\nodejs\;;C:\Program Files (x86)\Microsoft VS Code\bin;C:\Users\ankit\AppData\Local\Microsoft\WindowsApps;C:\Users\ankit\AppData\Roaming\npm;C:\Users\ankit\eclipse\java-neon\eclipse;;."/>
    <property name="java.specification.name" value="Java Platform API Specification"/>
    <property name="java.class.version" value="52.0"/>
    <property name="sun.management.compiler" value="HotSpot 64-Bit Tiered Compilers"/>
    <property name="os.version" value="10.0"/>
    <property name="user.home" value="C:\Users\ankit"/>
    <property name="user.timezone" value="Pacific/Auckland"/>
    <property name="java.awt.printerjob" value="sun.awt.windows.WPrinterJob"/>
    <property name="java.specification.version" value="1.8"/>
    <property name="file.encoding" value="Cp1252"/>
    <property name="user.name" value="ankit"/>
    <property name="java.class.path" value="/C:/Users/ankit/eclipse/java-neon/eclipse/../../../.p2/pool/plugins/org.eclipse.m2e.maven.runtime_1.7.0.20160603-1931/jars/plexus-classworlds-2.5.2.jar"/>
    <property name="java.vm.specification.version" value="1.8"/>
    <property name="sun.arch.data.model" value="64"/>
    <property name="java.home" value="C:\Program Files\Java\jdk1.8.0_101\jre"/>
    <property name="sun.java.command" value="org.codehaus.plexus.classworlds.launcher.Launcher -B install"/>
    <property name="java.specification.vendor" value="Oracle Corporation"/>
    <property name="user.language" value="en"/>
    <property name="awt.toolkit" value="sun.awt.windows.WToolkit"/>
    <property name="java.vm.info" value="mixed mode"/>
    <property name="java.version" value="1.8.0_101"/>
    <property name="java.ext.dirs" value="C:\Program Files\Java\jdk1.8.0_101\jre\lib\ext;C:\WINDOWS\Sun\Java\lib\ext"/>
    <property name="sun.boot.class.path" value="C:\Program Files\Java\jdk1.8.0_101\jre\lib\resources.jar;C:\Program Files\Java\jdk1.8.0_101\jre\lib\rt.jar;C:\Program Files\Java\jdk1.8.0_101\jre\lib\sunrsasign.jar;C:\Program Files\Java\jdk1.8.0_101\jre\lib\jsse.jar;C:\Program Files\Java\jdk1.8.0_101\jre\lib\jce.jar;C:\Program Files\Java\jdk1.8.0_101\jre\lib\charsets.jar;C:\Program Files\Java\jdk1.8.0_101\jre\lib\jfr.jar;C:\Program Files\Java\jdk1.8.0_101\jre\classes"/>
    <property name="java.vendor" value="Oracle Corporation"/>
    <property name="maven.home" value="C:\Users\ankit\Desktop\325 assignment 1b\project\project1\EMBEDDED"/>
    <property name="file.separator" value="\"/>
    <property name="java.vendor.url.bug" value="http://bugreport.sun.com/bugreport/"/>
    <property name="sun.cpu.endian" value="little"/>
    <property name="sun.io.unicode.encoding" value="UnicodeLittle"/>
    <property name="sun.desktop" value="windows"/>
    <property name="sun.cpu.isalist" value="amd64"/>
  </properties>
  <testcase classname="nz.ac.auckland.parolee.test.ParoleeResourceTest" name="testParoleeResource" time="0.767">
    <failure type="java.lang.AssertionError">java.lang.AssertionError
	at org.junit.Assert.fail(Assert.java:86)
	at org.junit.Assert.fail(Assert.java:95)
	at nz.ac.auckland.parolee.test.ParoleeResourceTest.testParoleeResource(ParoleeResourceTest.java:84)
	at sun.reflect.NativeMethodAccessorImpl.invoke0(Native Method)
	at sun.reflect.NativeMethodAccessorImpl.invoke(NativeMethodAccessorImpl.java:62)
	at sun.reflect.DelegatingMethodAccessorImpl.invoke(DelegatingMethodAccessorImpl.java:43)
	at java.lang.reflect.Method.invoke(Method.java:498)
	at org.junit.runners.model.FrameworkMethod$1.runReflectiveCall(FrameworkMethod.java:50)
	at org.junit.internal.runners.model.ReflectiveCallable.run(ReflectiveCallable.java:12)
	at org.junit.runners.model.FrameworkMethod.invokeExplosively(FrameworkMethod.java:47)
	at org.junit.internal.runners.statements.InvokeMethod.evaluate(InvokeMethod.java:17)
	at org.junit.runners.ParentRunner.runLeaf(ParentRunner.java:325)
	at org.junit.runners.BlockJUnit4ClassRunner.runChild(BlockJUnit4ClassRunner.java:78)
	at org.junit.runners.BlockJUnit4ClassRunner.runChild(BlockJUnit4ClassRunner.java:57)
	at org.junit.runners.ParentRunner$3.run(ParentRunner.java:290)
	at org.junit.runners.ParentRunner$1.schedule(ParentRunner.java:71)
	at org.junit.runners.ParentRunner.runChildren(ParentRunner.java:288)
	at org.junit.runners.ParentRunner.access$000(ParentRunner.java:58)
	at org.junit.runners.ParentRunner$2.evaluate(ParentRunner.java:268)
	at org.junit.runners.ParentRunner.run(ParentRunner.java:363)
	at org.apache.maven.surefire.junit4.JUnit4Provider.execute(JUnit4Provider.java:252)
	at org.apache.maven.surefire.junit4.JUnit4Provider.executeTestSet(JUnit4Provider.java:141)
	at org.apache.maven.surefire.junit4.JUnit4Provider.invoke(JUnit4Provider.java:112)
	at sun.reflect.NativeMethodAccessorImpl.invoke0(Native Method)
	at sun.reflect.NativeMethodAccessorImpl.invoke(NativeMethodAccessorImpl.java:62)
	at sun.reflect.DelegatingMethodAccessorImpl.invoke(DelegatingMethodAccessorImpl.java:43)
	at java.lang.reflect.Method.invoke(Method.java:498)
	at org.apache.maven.surefire.util.ReflectionUtils.invokeMethodWithArray(ReflectionUtils.java:189)
	at org.apache.maven.surefire.booter.ProviderFactory$ProviderProxy.invoke(ProviderFactory.java:165)
	at org.apache.maven.surefire.booter.ProviderFactory.invokeProvider(ProviderFactory.java:85)
	at org.apache.maven.surefire.booter.ForkedBooter.runSuitesInProcess(ForkedBooter.java:115)
	at org.apache.maven.surefire.booter.ForkedBooter.main(ForkedBooter.java:75)
</failure>
    <system-out>2016-09-05 18:22:29,230 [main] INFO  nz.ac.auckland.parolee.test.ParoleeResourceTest  - Creating Parolees ...
2016-09-05 18:22:29,304 [main] DEBUG org.apache.http.impl.conn.BasicClientConnectionManager  - Get connection for route {}-&gt;http://localhost:10000
2016-09-05 18:22:29,324 [main] DEBUG org.apache.http.impl.conn.DefaultClientConnectionOperator  - Connecting to localhost:10000
2016-09-05 18:22:29,352 [main] DEBUG org.apache.http.client.protocol.RequestAddCookies  - CookieSpec selected: best-match
2016-09-05 18:22:29,368 [main] DEBUG org.apache.http.client.protocol.RequestAuthCache  - Auth cache not set in the context
2016-09-05 18:22:29,368 [main] DEBUG org.apache.http.client.protocol.RequestTargetAuthentication  - Target auth state: UNCHALLENGED
2016-09-05 18:22:29,369 [main] DEBUG org.apache.http.client.protocol.RequestProxyAuthentication  - Proxy auth state: UNCHALLENGED
2016-09-05 18:22:29,369 [main] DEBUG org.apache.http.impl.client.DefaultHttpClient  - Attempt 1 to execute request
2016-09-05 18:22:29,369 [main] DEBUG org.apache.http.impl.conn.DefaultClientConnection  - Sending request: POST /services/parolees HTTP/1.1
2016-09-05 18:22:29,370 [main] DEBUG org.apache.http.wire  -  &gt;&gt; &quot;POST /services/parolees HTTP/1.1[\r][\n]&quot;
2016-09-05 18:22:29,371 [main] DEBUG org.apache.http.wire  -  &gt;&gt; &quot;Accept-Encoding: gzip, deflate[\r][\n]&quot;
2016-09-05 18:22:29,371 [main] DEBUG org.apache.http.wire  -  &gt;&gt; &quot;Content-Type: application/xml[\r][\n]&quot;
2016-09-05 18:22:29,372 [main] DEBUG org.apache.http.wire  -  &gt;&gt; &quot;Content-Length: 137[\r][\n]&quot;
2016-09-05 18:22:29,372 [main] DEBUG org.apache.http.wire  -  &gt;&gt; &quot;Host: localhost:10000[\r][\n]&quot;
2016-09-05 18:22:29,372 [main] DEBUG org.apache.http.wire  -  &gt;&gt; &quot;Connection: Keep-Alive[\r][\n]&quot;
2016-09-05 18:22:29,372 [main] DEBUG org.apache.http.wire  -  &gt;&gt; &quot;[\r][\n]&quot;
2016-09-05 18:22:29,372 [main] DEBUG org.apache.http.headers  - &gt;&gt; POST /services/parolees HTTP/1.1
2016-09-05 18:22:29,372 [main] DEBUG org.apache.http.headers  - &gt;&gt; Accept-Encoding: gzip, deflate
2016-09-05 18:22:29,372 [main] DEBUG org.apache.http.headers  - &gt;&gt; Content-Type: application/xml
2016-09-05 18:22:29,373 [main] DEBUG org.apache.http.headers  - &gt;&gt; Content-Length: 137
2016-09-05 18:22:29,373 [main] DEBUG org.apache.http.headers  - &gt;&gt; Host: localhost:10000
2016-09-05 18:22:29,373 [main] DEBUG org.apache.http.headers  - &gt;&gt; Connection: Keep-Alive
2016-09-05 18:22:29,373 [main] DEBUG org.apache.http.wire  -  &gt;&gt; &quot;&lt;parolee&gt;&lt;first-name&gt;Al&lt;/first-name&gt;&lt;last-name&gt;Capone&lt;/last-name&gt;&lt;gender&gt;Male&lt;/gender&gt;&lt;date-of-birth&gt;17/01/1899&lt;/date-of-birth&gt;&lt;/parolee&gt;&quot;
2016-09-05 18:22:29,418 [main] DEBUG org.apache.http.wire  -  &lt;&lt; &quot;HTTP/1.1 404 Not Found[\r][\n]&quot;
2016-09-05 18:22:29,420 [main] DEBUG org.apache.http.wire  -  &lt;&lt; &quot;Content-Length: 0[\r][\n]&quot;
2016-09-05 18:22:29,420 [main] DEBUG org.apache.http.wire  -  &lt;&lt; &quot;Server: Jetty(9.0.6.v20130930)[\r][\n]&quot;
2016-09-05 18:22:29,420 [main] DEBUG org.apache.http.wire  -  &lt;&lt; &quot;[\r][\n]&quot;
2016-09-05 18:22:29,421 [main] DEBUG org.apache.http.impl.conn.DefaultClientConnection  - Receiving response: HTTP/1.1 404 Not Found
2016-09-05 18:22:29,421 [main] DEBUG org.apache.http.headers  - &lt;&lt; HTTP/1.1 404 Not Found
2016-09-05 18:22:29,421 [main] DEBUG org.apache.http.headers  - &lt;&lt; Content-Length: 0
2016-09-05 18:22:29,421 [main] DEBUG org.apache.http.headers  - &lt;&lt; Server: Jetty(9.0.6.v20130930)
2016-09-05 18:22:29,425 [main] DEBUG org.apache.http.impl.client.DefaultHttpClient  - Connection can be kept alive indefinitely
2016-09-05 18:22:29,432 [main] ERROR nz.ac.auckland.parolee.test.ParoleeResourceTest  - Failed to create Parolee; Web service responded with: 404
2016-09-05 18:22:29,433 [main] DEBUG org.apache.http.impl.conn.DefaultClientConnection  - Connection 0.0.0.0:56363&lt;-&gt;127.0.0.1:10000 closed
</system-out>
  </testcase>
  <testcase classname="nz.ac.auckland.parolee.test.ParoleeResourceTest" name="testAuditorNoCookiesTest" time="0.02"/>
  <testcase classname="nz.ac.auckland.parolee.test.ParoleeResourceTest" name="testAuditorWithCookiesTest" time="0.023"/>
</testsuite>